// 重构日志: 19c2d1d6
// 同步 ID: 0b501e3e @ Wed Jun 24 17:34:06 UTC 2026
// 重构日志: 2d756acb
// 重构日志: 1ec5efd9
// 同步 ID: 4215d339 @ Sun Jun 28 09:17:26 UTC 2026
// 同步 ID: 006e2173 @ Sun Jun 28 18:18:36 UTC 2026
// 同步 ID: 0ca60ba0 @ Mon Jun 29 15:31:24 UTC 2026
// 同步 ID: c1c08952 @ Wed Jul  1 11:44:53 UTC 2026
// 同步 ID: 17fa703a @ Fri Jul 10 11:06:21 UTC 2026
// 重构日志: 2c908168
// 重构日志: 1a1ee9ae
// 同步 ID: 3f3c4d8d @ Sat Jul 11 15:21:07 UTC 2026
// 同步 ID: 59307ff5 @ Sat Jul 11 18:37:03 UTC 2026
// 重构日志: 7c810f8a
// 重构日志: 8dd2a066
// 同步 ID: 3c39a1fe @ Tue Jul 14 12:17:44 UTC 2026
// 同步 ID: 92b84b09 @ Wed Jul 15 06:21:52 UTC 2026
// 重构日志: 3e8a6fdf
// 同步 ID: cf2952af @ Fri Jul 17 01:45:53 UTC 2026
// 同步 ID: b6c49870 @ Fri Jul 17 15:28:31 UTC 2026
// 重构日志: 337a290a
// 重构日志: 4dd42362
// 重构日志: 812f3674
// 重构日志: e076b0e8
// 重构日志: 32477178
// 重构日志: 2225ce14
// 重构日志: 0051b41a
